Generated at 2016-06-11 12:31:14 -0700
Mixlib::ShellOut::ShellCommandFailed: homebrew_package[emacs] (@recipe_files::/Users/iSohan/Documents/Chef/learn-chef/cookbooks/install-packages/recipes/default.rb line 9) had an error: Mixlib::ShellOut::ShellCommandFailed: Expected process to exit with [0], but received '1'
---- Begin output of brew info --json=v1 emacs ----
STDOUT: 
STDERR: /opt/chefdk/embedded/lib/ruby/gems/2.1.0/gems/mixlib-shellout-2.2.6/lib/mixlib/shellout/unix.rb:153:in `uid=': Operation not permitted (Errno::EPERM)
	from /opt/chefdk/embedded/lib/ruby/gems/2.1.0/gems/mixlib-shellout-2.2.6/lib/mixlib/shellout/unix.rb:153:in `set_user'
	from /opt/chefdk/embedded/lib/ruby/gems/2.1.0/gems/mixlib-shellout-2.2.6/lib/mixlib/shellout/unix.rb:332:in `block in fork_subprocess'
	from /opt/chefdk/embedded/lib/ruby/gems/2.1.0/gems/mixlib-shellout-2.2.6/lib/mixlib/shellout/unix.rb:316:in `fork'
	from /opt/chefdk/embedded/lib/ruby/gems/2.1.0/gems/mixlib-shellout-2.2.6/lib/mixlib/shellout/unix.rb:316:in `fork_subprocess'
	from /opt/chefdk/embedded/lib/ruby/gems/2.1.0/gems/mixlib-shellout-2.2.6/lib/mixlib/shellout/unix.rb:93:in `run_command'
	from /opt/chefdk/embedded/lib/ruby/gems/2.1.0/gems/mixlib-shellout-2.2.6/lib/mixlib/shellout.rb:259:in `run_command'
	from /opt/chefdk/embedded/lib/ruby/gems/2.1.0/gems/chef-12.10.24/lib/chef/mixin/shell_out.rb:86:in `shell_out_command'
	from /opt/chefdk/embedded/lib/ruby/gems/2.1.0/gems/chef-12.10.24/lib/chef/mixin/shell_out.rb:39:in `shell_out'
	from /opt/chefdk/embedded/lib/ruby/gems/2.1.0/gems/chef-12.10.24/lib/chef/mixin/shell_out.rb:44:in `shell_out!'
	from /opt/chefdk/embedded/lib/ruby/gems/2.1.0/gems/chef-12.10.24/lib/chef/provider/package.rb:538:in `shell_out_with_timeout!'
	from /opt/chefdk/embedded/lib/ruby/gems/2.1.0/gems/chef-12.10.24/lib/chef/provider/package/homebrew.rb:130:in `get_response_from_command'
	from /opt/chefdk/embedded/lib/ruby/gems/2.1.0/gems/chef-12.10.24/lib/chef/provider/package/homebrew.rb:76:in `brew'
	from /opt/chefdk/embedded/lib/ruby/gems/2.1.0/gems/chef-12.10.24/lib/chef/provider/package/homebrew.rb:88:in `brew_info'
	from /opt/chefdk/embedded/lib/ruby/gems/2.1.0/gems/chef-12.10.24/lib/chef/provider/package/homebrew.rb:98:in `current_installed_version'
	from /opt/chefdk/embedded/lib/ruby/gems/2.1.0/gems/chef-12.10.24/lib/chef/provider/package/homebrew.rb:37:in `load_current_resource'
	from /opt/chefdk/embedded/lib/ruby/gems/2.1.0/gems/chef-12.10.24/lib/chef/provider.rb:128:in `run_action'
	from /opt/chefdk/embedded/lib/ruby/gems/2.1.0/gems/chef-12.10.24/lib/chef/resource.rb:596:in `run_action'
	from /opt/chefdk/embedded/lib/ruby/gems/2.1.0/gems/chef-12.10.24/lib/chef/runner.rb:69:in `run_action'
	from /opt/chefdk/embedded/lib/ruby/gems/2.1.0/gems/chef-12.10.24/lib/chef/runner.rb:97:in `block (2 levels) in converge'
	from /opt/chefdk/embedded/lib/ruby/gems/2.1.0/gems/chef-12.10.24/lib/chef/runner.rb:97:in `each'
	from /opt/chefdk/embedded/lib/ruby/gems/2.1.0/gems/chef-12.10.24/lib/chef/runner.rb:97:in `block in converge'
	from /opt/chefdk/embedded/lib/ruby/gems/2.1.0/gems/chef-12.10.24/lib/chef/resource_collection/resource_list.rb:94:in `block in execute_each_resource'
	from /opt/chefdk/embedded/lib/ruby/gems/2.1.0/gems/chef-12.10.24/lib/chef/resource_collection/stepable_iterator.rb:116:in `call'
	from /opt/chefdk/embedded/lib/ruby/gems/2.1.0/gems/chef-12.10.24/lib/chef/resource_collection/stepable_iterator.rb:116:in `call_iterator_block'
	from /opt/chefdk/embedded/lib/ruby/gems/2.1.0/gems/chef-12.10.24/lib/chef/resource_collection/stepable_iterator.rb:85:in `step'
	from /opt/chefdk/embedded/lib/ruby/gems/2.1.0/gems/chef-12.10.24/lib/chef/resource_collection/stepable_iterator.rb:104:in `iterate'
	from /opt/chefdk/embedded/lib/ruby/gems/2.1.0/gems/chef-12.10.24/lib/chef/resource_collection/stepable_iterator.rb:55:in `each_with_index'
	from /opt/chefdk/embedded/lib/ruby/gems/2.1.0/gems/chef-12.10.24/lib/chef/resource_collection/resource_list.rb:92:in `execute_each_resource'
	from /opt/chefdk/embedded/lib/ruby/2.1.0/forwardable.rb:183:in `execute_each_resource'
	from /opt/chefdk/embedded/lib/ruby/gems/2.1.0/gems/chef-12.10.24/lib/chef/runner.rb:96:in `converge'
	from /opt/chefdk/embedded/lib/ruby/gems/2.1.0/gems/chef-12.10.24/lib/chef/client.rb:667:in `block in converge'
	from /opt/chefdk/embedded/lib/ruby/gems/2.1.0/gems/chef-12.10.24/lib/chef/client.rb:662:in `catch'
	from /opt/chefdk/embedded/lib/ruby/gems/2.1.0/gems/chef-12.10.24/lib/chef/client.rb:662:in `converge'
	from /opt/chefdk/embedded/lib/ruby/gems/2.1.0/gems/chef-12.10.24/lib/chef/client.rb:701:in `converge_and_save'
	from /opt/chefdk/embedded/lib/ruby/gems/2.1.0/gems/chef-12.10.24/lib/chef/client.rb:281:in `run'
	from /opt/chefdk/embedded/lib/ruby/gems/2.1.0/gems/chef-12.10.24/lib/chef/application.rb:285:in `block in fork_chef_client'
	from /opt/chefdk/embedded/lib/ruby/gems/2.1.0/gems/chef-12.10.24/lib/chef/application.rb:273:in `fork'
	from /opt/chefdk/embedded/lib/ruby/gems/2.1.0/gems/chef-12.10.24/lib/chef/application.rb:273:in `fork_chef_client'
	from /opt/chefdk/embedded/lib/ruby/gems/2.1.0/gems/chef-12.10.24/lib/chef/application.rb:238:in `block in run_chef_client'
	from /opt/chefdk/embedded/lib/ruby/gems/2.1.0/gems/chef-12.10.24/lib/chef/local_mode.rb:44:in `with_server_connectivity'
	from /opt/chefdk/embedded/lib/ruby/gems/2.1.0/gems/chef-12.10.24/lib/chef/application.rb:226:in `run_chef_client'
	from /opt/chefdk/embedded/lib/ruby/gems/2.1.0/gems/chef-12.10.24/lib/chef/application/client.rb:456:in `sleep_then_run_chef_client'
	from /opt/chefdk/embedded/lib/ruby/gems/2.1.0/gems/chef-12.10.24/lib/chef/application/client.rb:443:in `block in interval_run_chef_client'
	from /opt/chefdk/embedded/lib/ruby/gems/2.1.0/gems/chef-12.10.24/lib/chef/application/client.rb:442:in `loop'
	from /opt/chefdk/embedded/lib/ruby/gems/2.1.0/gems/chef-12.10.24/lib/chef/application/client.rb:442:in `interval_run_chef_client'
	from /opt/chefdk/embedded/lib/ruby/gems/2.1.0/gems/chef-12.10.24/lib/chef/application/client.rb:426:in `run_application'
	from /opt/chefdk/embedded/lib/ruby/gems/2.1.0/gems/chef-12.10.24/lib/chef/application.rb:58:in `run'
	from /opt/chefdk/embedded/lib/ruby/gems/2.1.0/gems/chef-12.10.24/bin/chef-client:26:in `<top (required)>'
	from /usr/local/bin/chef-client:51:in `load'
	from /usr/local/bin/chef-client:51:in `<main>'
---- End output of brew info --json=v1 emacs ----
Ran brew info --json=v1 emacs returned 1
/opt/chefdk/embedded/lib/ruby/gems/2.1.0/gems/mixlib-shellout-2.2.6/lib/mixlib/shellout.rb:289:in `invalid!'
/opt/chefdk/embedded/lib/ruby/gems/2.1.0/gems/mixlib-shellout-2.2.6/lib/mixlib/shellout.rb:276:in `error!'
/opt/chefdk/embedded/lib/ruby/gems/2.1.0/gems/chef-12.10.24/lib/chef/mixin/shell_out.rb:45:in `shell_out!'
/opt/chefdk/embedded/lib/ruby/gems/2.1.0/gems/chef-12.10.24/lib/chef/provider/package.rb:538:in `shell_out_with_timeout!'
/opt/chefdk/embedded/lib/ruby/gems/2.1.0/gems/chef-12.10.24/lib/chef/provider/package/homebrew.rb:130:in `get_response_from_command'
/opt/chefdk/embedded/lib/ruby/gems/2.1.0/gems/chef-12.10.24/lib/chef/provider/package/homebrew.rb:76:in `brew'
/opt/chefdk/embedded/lib/ruby/gems/2.1.0/gems/chef-12.10.24/lib/chef/provider/package/homebrew.rb:88:in `brew_info'
/opt/chefdk/embedded/lib/ruby/gems/2.1.0/gems/chef-12.10.24/lib/chef/provider/package/homebrew.rb:98:in `current_installed_version'
/opt/chefdk/embedded/lib/ruby/gems/2.1.0/gems/chef-12.10.24/lib/chef/provider/package/homebrew.rb:37:in `load_current_resource'
/opt/chefdk/embedded/lib/ruby/gems/2.1.0/gems/chef-12.10.24/lib/chef/provider.rb:128:in `run_action'
/opt/chefdk/embedded/lib/ruby/gems/2.1.0/gems/chef-12.10.24/lib/chef/resource.rb:596:in `run_action'
/opt/chefdk/embedded/lib/ruby/gems/2.1.0/gems/chef-12.10.24/lib/chef/runner.rb:69:in `run_action'
/opt/chefdk/embedded/lib/ruby/gems/2.1.0/gems/chef-12.10.24/lib/chef/runner.rb:97:in `block (2 levels) in converge'
/opt/chefdk/embedded/lib/ruby/gems/2.1.0/gems/chef-12.10.24/lib/chef/runner.rb:97:in `each'
/opt/chefdk/embedded/lib/ruby/gems/2.1.0/gems/chef-12.10.24/lib/chef/runner.rb:97:in `block in converge'
/opt/chefdk/embedded/lib/ruby/gems/2.1.0/gems/chef-12.10.24/lib/chef/resource_collection/resource_list.rb:94:in `block in execute_each_resource'
/opt/chefdk/embedded/lib/ruby/gems/2.1.0/gems/chef-12.10.24/lib/chef/resource_collection/stepable_iterator.rb:116:in `call'
/opt/chefdk/embedded/lib/ruby/gems/2.1.0/gems/chef-12.10.24/lib/chef/resource_collection/stepable_iterator.rb:116:in `call_iterator_block'
/opt/chefdk/embedded/lib/ruby/gems/2.1.0/gems/chef-12.10.24/lib/chef/resource_collection/stepable_iterator.rb:85:in `step'
/opt/chefdk/embedded/lib/ruby/gems/2.1.0/gems/chef-12.10.24/lib/chef/resource_collection/stepable_iterator.rb:104:in `iterate'
/opt/chefdk/embedded/lib/ruby/gems/2.1.0/gems/chef-12.10.24/lib/chef/resource_collection/stepable_iterator.rb:55:in `each_with_index'
/opt/chefdk/embedded/lib/ruby/gems/2.1.0/gems/chef-12.10.24/lib/chef/resource_collection/resource_list.rb:92:in `execute_each_resource'
/opt/chefdk/embedded/lib/ruby/gems/2.1.0/gems/chef-12.10.24/lib/chef/runner.rb:96:in `converge'
/opt/chefdk/embedded/lib/ruby/gems/2.1.0/gems/chef-12.10.24/lib/chef/client.rb:667:in `block in converge'
/opt/chefdk/embedded/lib/ruby/gems/2.1.0/gems/chef-12.10.24/lib/chef/client.rb:662:in `catch'
/opt/chefdk/embedded/lib/ruby/gems/2.1.0/gems/chef-12.10.24/lib/chef/client.rb:662:in `converge'
/opt/chefdk/embedded/lib/ruby/gems/2.1.0/gems/chef-12.10.24/lib/chef/client.rb:701:in `converge_and_save'
/opt/chefdk/embedded/lib/ruby/gems/2.1.0/gems/chef-12.10.24/lib/chef/client.rb:281:in `run'
/opt/chefdk/embedded/lib/ruby/gems/2.1.0/gems/chef-12.10.24/lib/chef/application.rb:285:in `block in fork_chef_client'
/opt/chefdk/embedded/lib/ruby/gems/2.1.0/gems/chef-12.10.24/lib/chef/application.rb:273:in `fork'
/opt/chefdk/embedded/lib/ruby/gems/2.1.0/gems/chef-12.10.24/lib/chef/application.rb:273:in `fork_chef_client'
/opt/chefdk/embedded/lib/ruby/gems/2.1.0/gems/chef-12.10.24/lib/chef/application.rb:238:in `block in run_chef_client'
/opt/chefdk/embedded/lib/ruby/gems/2.1.0/gems/chef-12.10.24/lib/chef/local_mode.rb:44:in `with_server_connectivity'
/opt/chefdk/embedded/lib/ruby/gems/2.1.0/gems/chef-12.10.24/lib/chef/application.rb:226:in `run_chef_client'
/opt/chefdk/embedded/lib/ruby/gems/2.1.0/gems/chef-12.10.24/lib/chef/application/client.rb:456:in `sleep_then_run_chef_client'
/opt/chefdk/embedded/lib/ruby/gems/2.1.0/gems/chef-12.10.24/lib/chef/application/client.rb:443:in `block in interval_run_chef_client'
/opt/chefdk/embedded/lib/ruby/gems/2.1.0/gems/chef-12.10.24/lib/chef/application/client.rb:442:in `loop'
/opt/chefdk/embedded/lib/ruby/gems/2.1.0/gems/chef-12.10.24/lib/chef/application/client.rb:442:in `interval_run_chef_client'
/opt/chefdk/embedded/lib/ruby/gems/2.1.0/gems/chef-12.10.24/lib/chef/application/client.rb:426:in `run_application'
/opt/chefdk/embedded/lib/ruby/gems/2.1.0/gems/chef-12.10.24/lib/chef/application.rb:58:in `run'
/opt/chefdk/embedded/lib/ruby/gems/2.1.0/gems/chef-12.10.24/bin/chef-client:26:in `<top (required)>'
/usr/local/bin/chef-client:51:in `load'
/usr/local/bin/chef-client:51:in `<main>'